Build started 15/12/2011 9:20:25 AM.
     1>Project "C:\Users\robin\Documents\Visual Studio 2010\Projects\MINIGAME\MINIGAME\MINIGAME.vcxproj" on node 2 (build target(s)).
     1>InitializeBuildStatus:
         Creating "Debug\MINIGAME.unsuccessfulbuild" because "AlwaysCreate" was specified.
       ClCompile:
         All outputs are up-to-date.
         C:\Program Files (x86)\Microsoft Visual Studio 10.0\VC\bin\CL.exe /c /ZI /nologo /W3 /WX- /Od /Oy- /D WIN32 /D _DEBUG /D _CONSOLE /D _UNICODE /D UNICODE /Gm /EHsc /RTC1 /MDd /GS /fp:precise /Zc:wchar_t /Zc:forScope /Yu"StdAfx.h" /Fp"Debug\MINIGAME.pch" /Fo"Debug\\" /Fd"Debug\vc100.pdb" /Gd /TP /analyze- /errorReport:prompt MINIGAME.cpp
         MINIGAME.cpp
     1>c:\users\robin\documents\visual studio 2010\projects\minigame\minigame\password.h(20): warning C4101: 'decipher' : unreferenced local variable
     1>c:\users\robin\documents\visual studio 2010\projects\minigame\minigame\password.h(41): warning C4101: 'cipher' : unreferenced local variable
     1>c:\users\robin\documents\visual studio 2010\projects\minigame\minigame\game.h(49): warning C4244: '=' : conversion from 'double' to 'int', possible loss of data
     1>c:\users\robin\documents\visual studio 2010\projects\minigame\minigame\game.h(64): warning C4996: 'strcpy': This function or variable may be unsafe. Consider using strcpy_s instead. To disable deprecation, use _CRT_SECURE_NO_WARNINGS. See online help for details.
                 c:\program files (x86)\microsoft visual studio 10.0\vc\include\string.h(105) : see declaration of 'strcpy'
     1>c:\users\robin\documents\visual studio 2010\projects\minigame\minigame\game.h(104): warning C4996: 'getch': The POSIX name for this item is deprecated. Instead, use the ISO C++ conformant name: _getch. See online help for details.
                 c:\program files (x86)\microsoft visual studio 10.0\vc\include\conio.h(128) : see declaration of 'getch'
     1>c:\users\robin\documents\visual studio 2010\projects\minigame\minigame\game.h(218): warning C4996: 'getch': The POSIX name for this item is deprecated. Instead, use the ISO C++ conformant name: _getch. See online help for details.
                 c:\program files (x86)\microsoft visual studio 10.0\vc\include\conio.h(128) : see declaration of 'getch'
     1>c:\users\robin\documents\visual studio 2010\projects\minigame\minigame\game.h(237): warning C4996: 'getch': The POSIX name for this item is deprecated. Instead, use the ISO C++ conformant name: _getch. See online help for details.
                 c:\program files (x86)\microsoft visual studio 10.0\vc\include\conio.h(128) : see declaration of 'getch'
     1>c:\users\robin\documents\visual studio 2010\projects\minigame\minigame\game.h(318): warning C4996: 'getch': The POSIX name for this item is deprecated. Instead, use the ISO C++ conformant name: _getch. See online help for details.
                 c:\program files (x86)\microsoft visual studio 10.0\vc\include\conio.h(128) : see declaration of 'getch'
     1>c:\users\robin\documents\visual studio 2010\projects\minigame\minigame\game.h(334): warning C4996: 'getch': The POSIX name for this item is deprecated. Instead, use the ISO C++ conformant name: _getch. See online help for details.
                 c:\program files (x86)\microsoft visual studio 10.0\vc\include\conio.h(128) : see declaration of 'getch'
     1>c:\users\robin\documents\visual studio 2010\projects\minigame\minigame\minigame.cpp(42): warning C4996: 'getch': The POSIX name for this item is deprecated. Instead, use the ISO C++ conformant name: _getch. See online help for details.
                 c:\program files (x86)\microsoft visual studio 10.0\vc\include\conio.h(128) : see declaration of 'getch'
     1>c:\users\robin\documents\visual studio 2010\projects\minigame\minigame\minigame.cpp(77): warning C4996: 'getch': The POSIX name for this item is deprecated. Instead, use the ISO C++ conformant name: _getch. See online help for details.
                 c:\program files (x86)\microsoft visual studio 10.0\vc\include\conio.h(128) : see declaration of 'getch'
     1>c:\users\robin\documents\visual studio 2010\projects\minigame\minigame\minigame.cpp(134): warning C4996: 'getche': The POSIX name for this item is deprecated. Instead, use the ISO C++ conformant name: _getche. See online help for details.
                 c:\program files (x86)\microsoft visual studio 10.0\vc\include\conio.h(129) : see declaration of 'getche'
     1>c:\users\robin\documents\visual studio 2010\projects\minigame\minigame\minigame.cpp(196): warning C4996: 'getch': The POSIX name for this item is deprecated. Instead, use the ISO C++ conformant name: _getch. See online help for details.
                 c:\program files (x86)\microsoft visual studio 10.0\vc\include\conio.h(128) : see declaration of 'getch'
     1>c:\users\robin\documents\visual studio 2010\projects\minigame\minigame\minigame.cpp(222): warning C4996: 'getch': The POSIX name for this item is deprecated. Instead, use the ISO C++ conformant name: _getch. See online help for details.
                 c:\program files (x86)\microsoft visual studio 10.0\vc\include\conio.h(128) : see declaration of 'getch'
     1>c:\users\robin\documents\visual studio 2010\projects\minigame\minigame\minigame.cpp(252): warning C4996: 'getch': The POSIX name for this item is deprecated. Instead, use the ISO C++ conformant name: _getch. See online help for details.
                 c:\program files (x86)\microsoft visual studio 10.0\vc\include\conio.h(128) : see declaration of 'getch'
     1>c:\users\robin\documents\visual studio 2010\projects\minigame\minigame\minigame.cpp(279): warning C4996: 'getch': The POSIX name for this item is deprecated. Instead, use the ISO C++ conformant name: _getch. See online help for details.
                 c:\program files (x86)\microsoft visual studio 10.0\vc\include\conio.h(128) : see declaration of 'getch'
     1>c:\users\robin\documents\visual studio 2010\projects\minigame\minigame\minigame.cpp(258): warning C4101: 'tmp' : unreferenced local variable
     1>c:\users\robin\documents\visual studio 2010\projects\minigame\minigame\minigame.cpp(289): warning C4996: 'getch': The POSIX name for this item is deprecated. Instead, use the ISO C++ conformant name: _getch. See online help for details.
                 c:\program files (x86)\microsoft visual studio 10.0\vc\include\conio.h(128) : see declaration of 'getch'
       ManifestResourceCompile:
         All outputs are up-to-date.
       Link:
         C:\Program Files (x86)\Microsoft Visual Studio 10.0\VC\bin\link.exe /ERRORREPORT:PROMPT /OUT:"C:\Users\robin\Documents\Visual Studio 2010\Projects\MINIGAME\Debug\MINIGAME.exe" /INCREMENTAL /NOLOGO kernel32.lib user32.lib gdi32.lib winspool.lib comdlg32.lib advapi32.lib shell32.lib ole32.lib oleaut32.lib uuid.lib odbc32.lib odbccp32.lib /MANIFEST /ManifestFile:"Debug\MINIGAME.exe.intermediate.manifest" /MANIFESTUAC:"level='asInvoker' uiAccess='false'" /DEBUG /PDB:"C:\Users\robin\Documents\Visual Studio 2010\Projects\MINIGAME\Debug\MINIGAME.pdb" /SUBSYSTEM:CONSOLE /TLBID:1 /DYNAMICBASE /NXCOMPAT /IMPLIB:"C:\Users\robin\Documents\Visual Studio 2010\Projects\MINIGAME\Debug\MINIGAME.lib" /MACHINE:X86 Debug\MINIGAME.exe.embed.manifest.res
         Debug\MINIGAME.obj
         Debug\stdafx.obj
       Manifest:
         C:\Program Files (x86)\Microsoft SDKs\Windows\v7.0A\bin\mt.exe /nologo /verbose /out:"Debug\MINIGAME.exe.embed.manifest" /manifest Debug\MINIGAME.exe.intermediate.manifest
         All outputs are up-to-date.
       LinkEmbedManifest:
         All outputs are up-to-date.
         MINIGAME.vcxproj -> C:\Users\robin\Documents\Visual Studio 2010\Projects\MINIGAME\Debug\MINIGAME.exe
       FinalizeBuildStatus:
         Deleting file "Debug\MINIGAME.unsuccessfulbuild".
         Touching "Debug\MINIGAME.lastbuildstate".
     1>Done Building Project "C:\Users\robin\Documents\Visual Studio 2010\Projects\MINIGAME\MINIGAME\MINIGAME.vcxproj" (build target(s)).

Build succeeded.

Time Elapsed 00:00:07.54
