C:\Users\robin\documents\visual studio 2010\Projects\MINIGAME\Debug\MINIGAME.pdb
C:\Users\robin\documents\visual studio 2010\Projects\MINIGAME\MINIGAME\Debug\cl.command.1.tlog
C:\Users\robin\documents\visual studio 2010\Projects\MINIGAME\MINIGAME\Debug\CL.read.1.tlog
C:\Users\robin\documents\visual studio 2010\Projects\MINIGAME\MINIGAME\Debug\CL.write.1.tlog
C:\Users\robin\documents\visual studio 2010\Projects\MINIGAME\MINIGAME\Debug\link.4196.read.1.tlog
C:\Users\robin\documents\visual studio 2010\Projects\MINIGAME\MINIGAME\Debug\link.4196.write.1.tlog
C:\Users\robin\documents\visual studio 2010\Projects\MINIGAME\MINIGAME\Debug\link.4196-cvtres.read.1.tlog
C:\Users\robin\documents\visual studio 2010\Projects\MINIGAME\MINIGAME\Debug\link.4196-cvtres.write.1.tlog
C:\Users\robin\documents\visual studio 2010\Projects\MINIGAME\MINIGAME\Debug\link.command.1.tlog
C:\Users\robin\documents\visual studio 2010\Projects\MINIGAME\MINIGAME\Debug\link.read.1.tlog
C:\Users\robin\documents\visual studio 2010\Projects\MINIGAME\MINIGAME\Debug\link.write.1.tlog
C:\Users\robin\documents\visual studio 2010\Projects\MINIGAME\MINIGAME\Debug\link-cvtres.read.1.tlog
C:\Users\robin\documents\visual studio 2010\Projects\MINIGAME\MINIGAME\Debug\link-cvtres.write.1.tlog
C:\USERS\ROBIN\DOCUMENTS\VISUAL STUDIO 2010\PROJECTS\MINIGAME\MINIGAME\DEBUG\MINIGAME.EXE.EMBED.MANIFEST
C:\USERS\ROBIN\DOCUMENTS\VISUAL STUDIO 2010\PROJECTS\MINIGAME\MINIGAME\DEBUG\MINIGAME.EXE.EMBED.MANIFEST.RES
C:\Users\robin\documents\visual studio 2010\Projects\MINIGAME\MINIGAME\Debug\MINIGAME.exe.intermediate.manifest
C:\USERS\ROBIN\DOCUMENTS\VISUAL STUDIO 2010\PROJECTS\MINIGAME\MINIGAME\DEBUG\MINIGAME.OBJ
C:\USERS\ROBIN\DOCUMENTS\VISUAL STUDIO 2010\PROJECTS\MINIGAME\MINIGAME\DEBUG\MINIGAME.PCH
C:\Users\robin\documents\visual studio 2010\Projects\MINIGAME\MINIGAME\Debug\MINIGAME_manifest.rc
C:\Users\robin\documents\visual studio 2010\Projects\MINIGAME\MINIGAME\Debug\mt.command.1.tlog
C:\Users\robin\documents\visual studio 2010\Projects\MINIGAME\MINIGAME\Debug\mt.read.1.tlog
C:\Users\robin\documents\visual studio 2010\Projects\MINIGAME\MINIGAME\Debug\mt.write.1.tlog
C:\Users\robin\documents\visual studio 2010\Projects\MINIGAME\MINIGAME\Debug\rc.command.1.tlog
C:\Users\robin\documents\visual studio 2010\Projects\MINIGAME\MINIGAME\Debug\rc.read.1.tlog
C:\Users\robin\documents\visual studio 2010\Projects\MINIGAME\MINIGAME\Debug\rc.write.1.tlog
C:\USERS\ROBIN\DOCUMENTS\VISUAL STUDIO 2010\PROJECTS\MINIGAME\MINIGAME\DEBUG\STDAFX.OBJ
C:\Users\robin\documents\visual studio 2010\Projects\MINIGAME\MINIGAME\Debug\vc100.idb
C:\USERS\ROBIN\DOCUMENTS\VISUAL STUDIO 2010\PROJECTS\MINIGAME\MINIGAME\DEBUG\VC100.PDB
